  [4;36;1mSQL (0.000000)[0m   [0;1mSET SQL_AUTO_IS_NULL=0[0m
  [4;35;1mSQL (0.016000)[0m   [0mCREATE TABLE schema_info (version int(11))[0m
  [4;36;1mSQL (0.000000)[0m   [0;1mINSERT INTO schema_info (version) VALUES(0)[0m
  [4;35;1mSQL (0.000000)[0m   [0mMysql::Error: Table 'schema_info' already exists: CREATE TABLE schema_info (version int(11))[0m
  [4;36;1mSQL (0.000000)[0m   [0;1mSELECT version FROM schema_info[0m
Migrating to CreateUsers (1)
  [4;35;1mSQL (0.015000)[0m   [0mCREATE TABLE users (`id` int(11) DEFAULT NULL auto_increment PRIMARY KEY, `name` varchar(255) DEFAULT NULL, `hashed_password` varchar(255) DEFAULT NULL, `salt` varchar(255) DEFAULT NULL) ENGINE=InnoDB[0m
  [4;36;1mSQL (0.000000)[0m   [0;1mUPDATE schema_info SET version = 1[0m
  [4;35;1mSQL (0.000000)[0m   [0mSELECT * FROM schema_info[0m
  [4;36;1mSQL (0.000000)[0m   [0;1mSHOW TABLES[0m
  [4;35;1mSQL (0.000000)[0m   [0mSHOW FIELDS FROM users[0m
  [4;36;1mSQL (0.000000)[0m   [0;1mSHOW KEYS FROM users[0m


Processing LoginController#add_user (for 127.0.0.1 at 2010-03-13 12:53:36) [GET]
  Session ID: 8a943ec1a727b7363b685c325ded5d66
  Parameters: {"action"=>"add_user", "controller"=>"login"}
  [4;36;1mSQL (0.000000)[0m   [0;1mSET SQL_AUTO_IS_NULL=0[0m
  [4;35;1mUser Columns (0.000000)[0m   [0mSHOW FIELDS FROM users[0m


ActionController::MissingTemplate (Missing layout ./script/../config/../app/views/layouts/admin.rhtml):
    c:/ruby/lib/ruby/gems/1.8/gems/actionpack-1.13.3/lib/action_controller/base.rb:1205:in `assert_existence_of_template_file'
    c:/ruby/lib/ruby/gems/1.8/gems/actionpack-1.13.3/lib/action_controller/layout.rb:238:in `render_without_benchmark'
    c:/ruby/lib/ruby/gems/1.8/gems/actionpack-1.13.3/lib/action_controller/benchmarking.rb:50:in `render'
    c:/ruby/lib/ruby/1.8/benchmark.rb:293:in `measure'
    c:/ruby/lib/ruby/gems/1.8/gems/actionpack-1.13.3/lib/action_controller/benchmarking.rb:50:in `render'
    c:/ruby/lib/ruby/gems/1.8/gems/actionpack-1.13.3/lib/action_controller/base.rb:1096:in `perform_action_without_filters'
    c:/ruby/lib/ruby/gems/1.8/gems/actionpack-1.13.3/lib/action_controller/filters.rb:632:in `call_filter'
    c:/ruby/lib/ruby/gems/1.8/gems/actionpack-1.13.3/lib/action_controller/filters.rb:619:in `perform_action_without_benchmark'
    c:/ruby/lib/ruby/gems/1.8/gems/actionpack-1.13.3/lib/action_controller/benchmarking.rb:66:in `perform_action_without_rescue'
    c:/ruby/lib/ruby/1.8/benchmark.rb:293:in `measure'
    c:/ruby/lib/ruby/gems/1.8/gems/actionpack-1.13.3/lib/action_controller/benchmarking.rb:66:in `perform_action_without_rescue'
    c:/ruby/lib/ruby/gems/1.8/gems/actionpack-1.13.3/lib/action_controller/rescue.rb:83:in `perform_action'
    c:/ruby/lib/ruby/gems/1.8/gems/actionpack-1.13.3/lib/action_controller/base.rb:430:in `send'
    c:/ruby/lib/ruby/gems/1.8/gems/actionpack-1.13.3/lib/action_controller/base.rb:430:in `process_without_filters'
    c:/ruby/lib/ruby/gems/1.8/gems/actionpack-1.13.3/lib/action_controller/filters.rb:624:in `process_without_session_management_support'
    c:/ruby/lib/ruby/gems/1.8/gems/actionpack-1.13.3/lib/action_controller/session_management.rb:114:in `process'
    c:/ruby/lib/ruby/gems/1.8/gems/actionpack-1.13.3/lib/action_controller/base.rb:330:in `process'
    c:/ruby/lib/ruby/gems/1.8/gems/rails-1.2.3/lib/dispatcher.rb:41:in `dispatch'
    c:/ruby/lib/ruby/gems/1.8/gems/mongrel-1.1.5-x86-mswin32-60/bin/../lib/mongrel/rails.rb:76:in `process'
    c:/ruby/lib/ruby/gems/1.8/gems/mongrel-1.1.5-x86-mswin32-60/bin/../lib/mongrel/rails.rb:74:in `synchronize'
    c:/ruby/lib/ruby/gems/1.8/gems/mongrel-1.1.5-x86-mswin32-60/bin/../lib/mongrel/rails.rb:74:in `process'
    c:/ruby/lib/ruby/gems/1.8/gems/mongrel-1.1.5-x86-mswin32-60/lib/mongrel.rb:159:in `process_client'
    c:/ruby/lib/ruby/gems/1.8/gems/mongrel-1.1.5-x86-mswin32-60/lib/mongrel.rb:158:in `each'
    c:/ruby/lib/ruby/gems/1.8/gems/mongrel-1.1.5-x86-mswin32-60/lib/mongrel.rb:158:in `process_client'
    c:/ruby/lib/ruby/gems/1.8/gems/mongrel-1.1.5-x86-mswin32-60/lib/mongrel.rb:285:in `run'
    c:/ruby/lib/ruby/gems/1.8/gems/mongrel-1.1.5-x86-mswin32-60/lib/mongrel.rb:285:in `initialize'
    c:/ruby/lib/ruby/gems/1.8/gems/mongrel-1.1.5-x86-mswin32-60/lib/mongrel.rb:285:in `new'
    c:/ruby/lib/ruby/gems/1.8/gems/mongrel-1.1.5-x86-mswin32-60/lib/mongrel.rb:285:in `run'
    c:/ruby/lib/ruby/gems/1.8/gems/mongrel-1.1.5-x86-mswin32-60/lib/mongrel.rb:268:in `initialize'
    c:/ruby/lib/ruby/gems/1.8/gems/mongrel-1.1.5-x86-mswin32-60/lib/mongrel.rb:268:in `new'
    c:/ruby/lib/ruby/gems/1.8/gems/mongrel-1.1.5-x86-mswin32-60/lib/mongrel.rb:268:in `run'
    c:/ruby/lib/ruby/gems/1.8/gems/mongrel-1.1.5-x86-mswin32-60/lib/mongrel/configurator.rb:282:in `run'
    c:/ruby/lib/ruby/gems/1.8/gems/mongrel-1.1.5-x86-mswin32-60/lib/mongrel/configurator.rb:281:in `each'
    c:/ruby/lib/ruby/gems/1.8/gems/mongrel-1.1.5-x86-mswin32-60/lib/mongrel/configurator.rb:281:in `run'
    c:/ruby/lib/ruby/gems/1.8/gems/mongrel-1.1.5-x86-mswin32-60/bin/mongrel_rails:128:in `run'
    c:/ruby/lib/ruby/gems/1.8/gems/mongrel-1.1.5-x86-mswin32-60/lib/mongrel/command.rb:212:in `run'
    c:/ruby/lib/ruby/gems/1.8/gems/mongrel-1.1.5-x86-mswin32-60/bin/mongrel_rails:281
    c:/ruby/lib/ruby/gems/1.8/gems/activesupport-1.4.2/lib/active_support/dependencies.rb:488:in `load'
    c:/ruby/lib/ruby/gems/1.8/gems/activesupport-1.4.2/lib/active_support/dependencies.rb:488:in `load'
    c:/ruby/lib/ruby/gems/1.8/gems/activesupport-1.4.2/lib/active_support/dependencies.rb:342:in `new_constants_in'
    c:/ruby/lib/ruby/gems/1.8/gems/activesupport-1.4.2/lib/active_support/dependencies.rb:488:in `load'
    c:/ruby/lib/ruby/gems/1.8/gems/rails-1.2.3/lib/commands/servers/mongrel.rb:60
    c:/ruby/lib/ruby/site_ruby/1.8/rubygems/custom_require.rb:31:in `gem_original_require'
    c:/ruby/lib/ruby/site_ruby/1.8/rubygems/custom_require.rb:31:in `require'
    c:/ruby/lib/ruby/gems/1.8/gems/activesupport-1.4.2/lib/active_support/dependencies.rb:495:in `require'
    c:/ruby/lib/ruby/gems/1.8/gems/activesupport-1.4.2/lib/active_support/dependencies.rb:342:in `new_constants_in'
    c:/ruby/lib/ruby/gems/1.8/gems/activesupport-1.4.2/lib/active_support/dependencies.rb:495:in `require'
    c:/ruby/lib/ruby/gems/1.8/gems/rails-1.2.3/lib/commands/server.rb:39
    c:/ruby/lib/ruby/site_ruby/1.8/rubygems/custom_require.rb:31:in `gem_original_require'
    c:/ruby/lib/ruby/site_ruby/1.8/rubygems/custom_require.rb:31:in `require'
    script/server:3


Rendering c:/ruby/lib/ruby/gems/1.8/gems/actionpack-1.13.3/lib/action_controller/templates/rescues/layout.rhtml (500 Internal Error)


Processing LoginController#add_user (for 127.0.0.1 at 2010-03-13 12:54:29) [GET]
  Session ID: 8a943ec1a727b7363b685c325ded5d66
  Parameters: {"action"=>"add_user", "controller"=>"login"}
  [4;36;1mUser Columns (0.000000)[0m   [0;1mSHOW FIELDS FROM users[0m
Rendering login/add_user
Completed in 0.04700 (21 reqs/sec) | Rendering: 0.01500 (31%) | DB: 0.00000 (0%) | 200 OK [http://localhost/login/add_user]


Processing LoginController#add_user (for 127.0.0.1 at 2010-03-13 12:54:53) [POST]
  Session ID: 8a943ec1a727b7363b685c325ded5d66
  Parameters: {"user"=>{"name"=>"rahul", "password_confirmation"=>"123456", "password"=>"123456"}, "commit"=>"Add User", "action"=>"add_user", "controller"=>"login"}
  [4;35;1mUser Columns (0.000000)[0m   [0mSHOW FIELDS FROM users[0m
  [4;36;1mSQL (0.000000)[0m   [0;1mBEGIN[0m
  [4;35;1mUser Load (0.000000)[0m   [0mSELECT * FROM users WHERE (users.name = 'rahul') LIMIT 1[0m
  [4;36;1mSQL (0.000000)[0m   [0;1mINSERT INTO users (`name`, `salt`, `hashed_password`) VALUES('rahul', '345530100.272695174553406', 'edd453142c0ad95314a873a822f5b171884bf72d')[0m
  [4;35;1mSQL (0.000000)[0m   [0mCOMMIT[0m
Rendering login/add_user
Completed in 0.06300 (15 reqs/sec) | Rendering: 0.01600 (25%) | DB: 0.00000 (0%) | 200 OK [http://localhost/login/add_user]


Processing LoginController#login (for 127.0.0.1 at 2010-03-13 12:56:25) [GET]
  Session ID: 8a943ec1a727b7363b685c325ded5d66
  Parameters: {"action"=>"login", "controller"=>"login"}
Rendering login/login
Completed in 0.01500 (66 reqs/sec) | Rendering: 0.01500 (100%) | DB: 0.00000 (0%) | 200 OK [http://localhost/login/login]


Processing LoginController#login (for 127.0.0.1 at 2010-03-13 12:56:43) [GET]
  Session ID: 8a943ec1a727b7363b685c325ded5d66
  Parameters: {"action"=>"login", "controller"=>"login"}
Rendering login/login
Completed in 0.00010 (10000 reqs/sec) | Rendering: 0.00000 (0%) | DB: 0.00000 (0%) | 200 OK [http://localhost/login/login]


Processing LoginController#login (for 127.0.0.1 at 2010-03-13 12:56:50) [POST]
  Session ID: 8a943ec1a727b7363b685c325ded5d66
  Parameters: {"name"=>"rahul", "commit"=>"Login", "action"=>"login", "controller"=>"login", "password"=>"123456"}
  [4;36;1mUser Columns (0.000000)[0m   [0;1mSHOW FIELDS FROM users[0m
  [4;35;1mUser Load (0.000000)[0m   [0mSELECT * FROM users WHERE (users.`name` = 'rahul') LIMIT 1[0m
Redirected to http://localhost:3000/login
Completed in 0.03100 (32 reqs/sec) | DB: 0.00000 (0%) | 302 Found [http://localhost/login/login]


Processing LoginController#index (for 127.0.0.1 at 2010-03-13 12:56:50) [GET]
  Session ID: 8a943ec1a727b7363b685c325ded5d66
  Parameters: {"action"=>"index", "controller"=>"login"}
Rendering login/index
Completed in 0.00010 (10000 reqs/sec) | Rendering: 0.00000 (0%) | DB: 0.00000 (0%) | 200 OK [http://localhost/login]
